mode: set
github.com/namikaze-dev/snippetbox/cmd/web/middleware.go:11.52,12.71 1 1
github.com/namikaze-dev/snippetbox/cmd/web/middleware.go:12.71,20.3 6 1
github.com/namikaze-dev/snippetbox/cmd/web/middleware.go:23.68,24.71 1 1
github.com/namikaze-dev/snippetbox/cmd/web/middleware.go:24.71,28.3 2 1
github.com/namikaze-dev/snippetbox/cmd/web/middleware.go:31.70,32.71 1 1
github.com/namikaze-dev/snippetbox/cmd/web/middleware.go:32.71,33.16 1 1
github.com/namikaze-dev/snippetbox/cmd/web/middleware.go:40.3,40.23 1 1
github.com/namikaze-dev/snippetbox/cmd/web/middleware.go:33.16,34.36 1 1
github.com/namikaze-dev/snippetbox/cmd/web/middleware.go:34.36,37.5 2 0
github.com/namikaze-dev/snippetbox/cmd/web/middleware.go:44.79,45.71 1 1
github.com/namikaze-dev/snippetbox/cmd/web/middleware.go:45.71,46.30 1 0
github.com/namikaze-dev/snippetbox/cmd/web/middleware.go:51.3,53.23 2 0
github.com/namikaze-dev/snippetbox/cmd/web/middleware.go:46.30,49.4 2 0
github.com/namikaze-dev/snippetbox/cmd/web/middleware.go:57.70,58.71 1 1
github.com/namikaze-dev/snippetbox/cmd/web/middleware.go:58.71,61.14 2 1
github.com/namikaze-dev/snippetbox/cmd/web/middleware.go:66.3,67.17 2 0
github.com/namikaze-dev/snippetbox/cmd/web/middleware.go:76.3,76.13 1 0
github.com/namikaze-dev/snippetbox/cmd/web/middleware.go:81.3,81.23 1 0
github.com/namikaze-dev/snippetbox/cmd/web/middleware.go:61.14,64.4 2 1
github.com/namikaze-dev/snippetbox/cmd/web/middleware.go:67.17,68.37 1 0
github.com/namikaze-dev/snippetbox/cmd/web/middleware.go:72.4,73.10 2 0
github.com/namikaze-dev/snippetbox/cmd/web/middleware.go:68.37,71.5 2 0
github.com/namikaze-dev/snippetbox/cmd/web/middleware.go:76.13,79.4 2 0
github.com/namikaze-dev/snippetbox/cmd/web/routes.go:11.47,14.82 2 1
github.com/namikaze-dev/snippetbox/cmd/web/routes.go:18.2,39.30 16 1
github.com/namikaze-dev/snippetbox/cmd/web/routes.go:14.82,16.3 1 1
github.com/namikaze-dev/snippetbox/cmd/web/templates.go:29.36,30.16 1 1
github.com/namikaze-dev/snippetbox/cmd/web/templates.go:33.2,33.47 1 1
github.com/namikaze-dev/snippetbox/cmd/web/templates.go:30.16,32.3 1 1
github.com/namikaze-dev/snippetbox/cmd/web/templates.go:36.72,43.2 1 1
github.com/namikaze-dev/snippetbox/cmd/web/templates.go:45.64,50.16 3 1
github.com/namikaze-dev/snippetbox/cmd/web/templates.go:54.2,54.29 1 1
github.com/namikaze-dev/snippetbox/cmd/web/templates.go:70.2,70.19 1 1
github.com/namikaze-dev/snippetbox/cmd/web/templates.go:50.16,52.3 1 0
github.com/namikaze-dev/snippetbox/cmd/web/templates.go:54.29,64.17 4 1
github.com/namikaze-dev/snippetbox/cmd/web/templates.go:68.3,68.19 1 1
github.com/namikaze-dev/snippetbox/cmd/web/templates.go:64.17,66.4 1 0
github.com/namikaze-dev/snippetbox/cmd/web/testutils.go:23.57,29.22 2 1
github.com/namikaze-dev/snippetbox/cmd/web/testutils.go:32.2,32.48 1 1
github.com/namikaze-dev/snippetbox/cmd/web/testutils.go:29.22,31.3 1 0
github.com/namikaze-dev/snippetbox/cmd/web/testutils.go:35.52,37.16 2 1
github.com/namikaze-dev/snippetbox/cmd/web/testutils.go:41.2,53.3 4 1
github.com/namikaze-dev/snippetbox/cmd/web/testutils.go:37.16,39.3 1 0
github.com/namikaze-dev/snippetbox/cmd/web/testutils.go:60.62,64.16 3 1
github.com/namikaze-dev/snippetbox/cmd/web/testutils.go:68.2,70.81 2 1
github.com/namikaze-dev/snippetbox/cmd/web/testutils.go:74.2,74.24 1 1
github.com/namikaze-dev/snippetbox/cmd/web/testutils.go:64.16,66.3 1 0
github.com/namikaze-dev/snippetbox/cmd/web/testutils.go:70.81,72.3 1 1
github.com/namikaze-dev/snippetbox/cmd/web/testutils.go:77.84,79.16 2 1
github.com/namikaze-dev/snippetbox/cmd/web/testutils.go:83.2,85.16 3 1
github.com/namikaze-dev/snippetbox/cmd/web/testutils.go:89.2,90.47 2 1
github.com/namikaze-dev/snippetbox/cmd/web/testutils.go:79.16,81.3 1 0
github.com/namikaze-dev/snippetbox/cmd/web/testutils.go:85.16,87.3 1 0
github.com/namikaze-dev/snippetbox/cmd/web/testutils.go:93.106,95.16 2 1
github.com/namikaze-dev/snippetbox/cmd/web/testutils.go:99.2,101.16 3 1
github.com/namikaze-dev/snippetbox/cmd/web/testutils.go:105.2,106.47 2 1
github.com/namikaze-dev/snippetbox/cmd/web/testutils.go:95.16,97.3 1 0
github.com/namikaze-dev/snippetbox/cmd/web/testutils.go:101.16,103.3 1 0
github.com/namikaze-dev/snippetbox/cmd/web/handlers.go:35.51,37.2 1 1
github.com/namikaze-dev/snippetbox/cmd/web/handlers.go:39.70,41.16 2 0
github.com/namikaze-dev/snippetbox/cmd/web/handlers.go:45.2,48.49 3 0
github.com/namikaze-dev/snippetbox/cmd/web/handlers.go:41.16,43.3 1 0
github.com/namikaze-dev/snippetbox/cmd/web/handlers.go:51.77,54.26 3 1
github.com/namikaze-dev/snippetbox/cmd/web/handlers.go:59.2,60.16 2 1
github.com/namikaze-dev/snippetbox/cmd/web/handlers.go:69.2,72.49 3 1
github.com/namikaze-dev/snippetbox/cmd/web/handlers.go:54.26,57.3 2 1
github.com/namikaze-dev/snippetbox/cmd/web/handlers.go:60.16,61.41 1 1
github.com/namikaze-dev/snippetbox/cmd/web/handlers.go:66.3,66.9 1 1
github.com/namikaze-dev/snippetbox/cmd/web/handlers.go:61.41,63.4 1 1
github.com/namikaze-dev/snippetbox/cmd/web/handlers.go:63.9,65.4 1 0
github.com/namikaze-dev/snippetbox/cmd/web/handlers.go:75.79,82.2 3 0
github.com/namikaze-dev/snippetbox/cmd/web/handlers.go:84.83,87.16 3 0
github.com/namikaze-dev/snippetbox/cmd/web/handlers.go:93.2,98.19 5 0
github.com/namikaze-dev/snippetbox/cmd/web/handlers.go:105.2,106.16 2 0
github.com/namikaze-dev/snippetbox/cmd/web/handlers.go:111.2,112.79 2 0
github.com/namikaze-dev/snippetbox/cmd/web/handlers.go:87.16,90.3 2 0
github.com/namikaze-dev/snippetbox/cmd/web/handlers.go:98.19,103.3 4 0
github.com/namikaze-dev/snippetbox/cmd/web/handlers.go:106.16,109.3 2 0
github.com/namikaze-dev/snippetbox/cmd/web/handlers.go:115.76,119.2 3 1
github.com/namikaze-dev/snippetbox/cmd/web/handlers.go:121.80,124.16 3 1
github.com/namikaze-dev/snippetbox/cmd/web/handlers.go:130.2,136.19 6 1
github.com/namikaze-dev/snippetbox/cmd/web/handlers.go:143.2,144.16 2 1
github.com/namikaze-dev/snippetbox/cmd/web/handlers.go:156.2,157.57 2 1
github.com/namikaze-dev/snippetbox/cmd/web/handlers.go:124.16,127.3 2 0
github.com/namikaze-dev/snippetbox/cmd/web/handlers.go:136.19,141.3 4 1
github.com/namikaze-dev/snippetbox/cmd/web/handlers.go:144.16,145.47 1 1
github.com/namikaze-dev/snippetbox/cmd/web/handlers.go:153.3,153.9 1 1
github.com/namikaze-dev/snippetbox/cmd/web/handlers.go:145.47,150.4 4 1
github.com/namikaze-dev/snippetbox/cmd/web/handlers.go:150.9,152.4 1 0
github.com/namikaze-dev/snippetbox/cmd/web/handlers.go:160.75,164.2 3 0
github.com/namikaze-dev/snippetbox/cmd/web/handlers.go:166.79,169.16 3 0
github.com/namikaze-dev/snippetbox/cmd/web/handlers.go:174.2,178.19 4 0
github.com/namikaze-dev/snippetbox/cmd/web/handlers.go:185.2,186.16 2 0
github.com/namikaze-dev/snippetbox/cmd/web/handlers.go:198.2,199.16 2 0
github.com/namikaze-dev/snippetbox/cmd/web/handlers.go:204.2,207.61 2 0
github.com/namikaze-dev/snippetbox/cmd/web/handlers.go:169.16,172.3 2 0
github.com/namikaze-dev/snippetbox/cmd/web/handlers.go:178.19,183.3 4 0
github.com/namikaze-dev/snippetbox/cmd/web/handlers.go:186.16,187.51 1 0
github.com/namikaze-dev/snippetbox/cmd/web/handlers.go:195.3,195.9 1 0
github.com/namikaze-dev/snippetbox/cmd/web/handlers.go:187.51,192.4 4 0
github.com/namikaze-dev/snippetbox/cmd/web/handlers.go:192.9,194.4 1 0
github.com/namikaze-dev/snippetbox/cmd/web/handlers.go:199.16,202.3 2 0
github.com/namikaze-dev/snippetbox/cmd/web/handlers.go:210.80,212.16 2 0
github.com/namikaze-dev/snippetbox/cmd/web/handlers.go:217.2,220.47 3 0
github.com/namikaze-dev/snippetbox/cmd/web/handlers.go:212.16,215.3 2 0
github.com/namikaze-dev/snippetbox/cmd/web/handlers.go:223.45,231.2 3 1
github.com/namikaze-dev/snippetbox/cmd/web/helpers.go:13.71,18.2 3 0
github.com/namikaze-dev/snippetbox/cmd/web/helpers.go:20.72,22.2 1 1
github.com/namikaze-dev/snippetbox/cmd/web/helpers.go:24.57,26.2 1 1
github.com/namikaze-dev/snippetbox/cmd/web/helpers.go:28.100,30.9 2 1
github.com/namikaze-dev/snippetbox/cmd/web/helpers.go:36.2,38.16 3 1
github.com/namikaze-dev/snippetbox/cmd/web/helpers.go:43.2,44.16 2 1
github.com/namikaze-dev/snippetbox/cmd/web/helpers.go:30.9,34.3 3 0
github.com/namikaze-dev/snippetbox/cmd/web/helpers.go:38.16,41.3 2 0
github.com/namikaze-dev/snippetbox/cmd/web/helpers.go:47.72,49.16 2 1
github.com/namikaze-dev/snippetbox/cmd/web/helpers.go:53.2,54.16 2 1
github.com/namikaze-dev/snippetbox/cmd/web/helpers.go:61.2,61.12 1 1
github.com/namikaze-dev/snippetbox/cmd/web/helpers.go:49.16,51.3 1 0
github.com/namikaze-dev/snippetbox/cmd/web/helpers.go:54.16,56.43 2 0
github.com/namikaze-dev/snippetbox/cmd/web/helpers.go:59.3,59.13 1 0
github.com/namikaze-dev/snippetbox/cmd/web/helpers.go:56.43,57.14 1 0
github.com/namikaze-dev/snippetbox/cmd/web/helpers.go:64.63,66.9 2 1
github.com/namikaze-dev/snippetbox/cmd/web/helpers.go:69.2,69.24 1 0
github.com/namikaze-dev/snippetbox/cmd/web/helpers.go:66.9,68.3 1 1
github.com/namikaze-dev/snippetbox/cmd/web/main.go:30.13,42.16 7 0
github.com/namikaze-dev/snippetbox/cmd/web/main.go:45.2,50.16 4 0
github.com/namikaze-dev/snippetbox/cmd/web/main.go:55.2,88.21 10 0
github.com/namikaze-dev/snippetbox/cmd/web/main.go:42.16,44.3 1 0
github.com/namikaze-dev/snippetbox/cmd/web/main.go:50.16,52.3 1 0
github.com/namikaze-dev/snippetbox/cmd/web/main.go:91.45,93.16 2 0
github.com/namikaze-dev/snippetbox/cmd/web/main.go:97.2,97.34 1 0
github.com/namikaze-dev/snippetbox/cmd/web/main.go:101.2,101.16 1 0
github.com/namikaze-dev/snippetbox/cmd/web/main.go:93.16,95.3 1 0
github.com/namikaze-dev/snippetbox/cmd/web/main.go:97.34,99.3 1 0
